{
  "stats": {
    "suites": 1,
    "tests": 1,
    "passes": 1,
    "pending": 0,
    "failures": 0,
    "start": "2025-07-11T17:05:50.279Z",
    "end": "2025-07-11T17:05:57.113Z",
    "duration": 6834,
    "testsRegistered": 1,
    "passPercent": 100,
    "pendingPercent": 0,
    "other": 0,
    "hasOther": false,
    "skipped": 0,
    "hasSkipped": false
  },
  "results": [
    {
      "uuid": "29234eaf-411e-4c18-a709-729753ecc24a",
      "title": "",
      "fullFile": "cypress\\e2e\\accountCreation.cy.js",
      "file": "cypress\\e2e\\accountCreation.cy.js",
      "beforeHooks": [],
      "afterHooks": [],
      "tests": [],
      "suites": [
        {
          "uuid": "10b5fdea-391e-4e52-9559-ee9a47868289",
          "title": "Account Creation",
          "fullFile": "",
          "file": "",
          "beforeHooks": [],
          "afterHooks": [],
          "tests": [
            {
              "title": "Deve criar uma conta com sucesso",
              "fullTitle": "Account Creation Deve criar uma conta com sucesso",
              "timedOut": null,
              "duration": 6671,
              "state": "passed",
              "speed": "medium",
              "pass": true,
              "fail": false,
              "pending": false,
              "context": null,
              "code": "cy.get('[href=\"/Tab/Account\"] > .r-g6644c').click();\ncy.get('[data-testid=\"signUp\"] > .css-146c3p1').click();\ncy.get('[data-testid=\"firstName\"]').type(_faker.faker.person.firstName());\ncy.get('[data-testid=\"lastName\"]').type(_faker.faker.person.lastName());\ncy.get('[data-testid=\"phone\"]').type(_faker.faker.phone.number('##9####-####'));\ncy.get(':nth-child(7) > .css-175oi2r > [data-testid=\"email\"]').type(_faker.faker.internet.email());\ncy.get(':nth-child(8) > .css-175oi2r > [data-testid=\"password\"]').type('teste1234');\ncy.get('[data-testid=\"repassword\"]').type('teste1234');\ncy.get('[data-testid=\"create\"] > .css-146c3p1').click();\ncy.get('[href=\"/Tab/Account\"] > .r-g6644c').click();\ncy.get('.r-14lw9ot > :nth-child(5) > .css-146c3p1').click();\ncy.get('[data-testid=\"confirm\"] > .css-146c3p1').click();\ncy.get('[data-testid=\"pageTitle\"]').should('be.visible');",
              "err": {},
              "uuid": "e7d63c63-8d2e-4333-afac-0822e1b0c6bd",
              "parentUUID": "10b5fdea-391e-4e52-9559-ee9a47868289",
              "isHook": false,
              "skipped": false
            }
          ],
          "suites": [],
          "passes": [
            "e7d63c63-8d2e-4333-afac-0822e1b0c6bd"
          ],
          "failures": [],
          "pending": [],
          "skipped": [],
          "duration": 6671,
          "root": false,
          "rootEmpty": false,
          "_timeout": 2000
        }
      ],
      "passes": [],
      "failures": [],
      "pending": [],
      "skipped": [],
      "duration": 0,
      "root": true,
      "rootEmpty": true,
      "_timeout": 2000
    }
  ],
  "meta": {
    "mocha": {
      "version": "7.2.0"
    },
    "mochawesome": {
      "options": {
        "quiet": false,
        "reportFilename": "mochawesome",
        "saveHtml": true,
        "saveJson": true,
        "consoleReporter": "spec",
        "useInlineDiffs": false,
        "code": true
      },
      "version": "7.1.3"
    },
    "marge": {
      "options": {
        "reportDir": "cypress/reports",
        "overwrite": false,
        "html": true,
        "json": true
      },
      "version": "6.2.0"
    }
  }
}