{
  "stats": {
    "suites": 1,
    "tests": 1,
    "passes": 1,
    "pending": 0,
    "failures": 0,
    "start": "2025-07-11T17:06:10.100Z",
    "end": "2025-07-11T17:06:16.038Z",
    "duration": 5938,
    "testsRegistered": 1,
    "passPercent": 100,
    "pendingPercent": 0,
    "other": 0,
    "hasOther": false,
    "skipped": 0,
    "hasSkipped": false
  },
  "results": [
    {
      "uuid": "ff3f4a81-4184-410e-9a72-7c52be4e8891",
      "title": "",
      "fullFile": "cypress\\e2e\\checkoutFlow.cy.js",
      "file": "cypress\\e2e\\checkoutFlow.cy.js",
      "beforeHooks": [],
      "afterHooks": [],
      "tests": [],
      "suites": [
        {
          "uuid": "15955fb6-a6c9-4aac-a222-37b4787f3a22",
          "title": "Checkout Flow",
          "fullFile": "",
          "file": "",
          "beforeHooks": [],
          "afterHooks": [],
          "tests": [
            {
              "title": "Deve realizar o fluxo de compra com sucesso",
              "fullTitle": "Checkout Flow Deve realizar o fluxo de compra com sucesso",
              "timedOut": null,
              "duration": 5773,
              "state": "passed",
              "speed": "medium",
              "pass": true,
              "fail": false,
              "pending": false,
              "context": null,
              "code": "(0, _appActions.login)('nateqa1708@ebac.com.br', 'test1234');\n(0, _appActions.addItemToCart)();\n//fillAddress(faker);\n(0, _appActions.completeCheckout)();",
              "err": {},
              "uuid": "bf36ad2b-3c21-456c-8eb3-c7348ba87d5f",
              "parentUUID": "15955fb6-a6c9-4aac-a222-37b4787f3a22",
              "isHook": false,
              "skipped": false
            }
          ],
          "suites": [],
          "passes": [
            "bf36ad2b-3c21-456c-8eb3-c7348ba87d5f"
          ],
          "failures": [],
          "pending": [],
          "skipped": [],
          "duration": 5773,
          "root": false,
          "rootEmpty": false,
          "_timeout": 2000
        }
      ],
      "passes": [],
      "failures": [],
      "pending": [],
      "skipped": [],
      "duration": 0,
      "root": true,
      "rootEmpty": true,
      "_timeout": 2000
    }
  ],
  "meta": {
    "mocha": {
      "version": "7.2.0"
    },
    "mochawesome": {
      "options": {
        "quiet": false,
        "reportFilename": "mochawesome",
        "saveHtml": true,
        "saveJson": true,
        "consoleReporter": "spec",
        "useInlineDiffs": false,
        "code": true
      },
      "version": "7.1.3"
    },
    "marge": {
      "options": {
        "reportDir": "cypress/reports",
        "overwrite": false,
        "html": true,
        "json": true
      },
      "version": "6.2.0"
    }
  }
}